<?xml version="1.0" encoding="UTF-8"?>
<testng-results skipped="0" failed="0" ignored="0" total="1" passed="1">
  <reporter-output>
  </reporter-output>
  <suite name="Suite" duration-ms="72" started-at="2020-03-07T15:58:50Z" finished-at="2020-03-07T15:58:50Z">
    <groups>
    </groups>
    <test name="login.Testng" duration-ms="72" started-at="2020-03-07T15:58:50Z" finished-at="2020-03-07T15:58:50Z">
      <class name="com.ui.Login">
        <test-method status="PASS" signature="setup()[pri:0, instance:com.ui.Login@6ba0ac]" name="setup" is-config="true" duration-ms="8103" started-at="2020-03-07T15:58:41Z" finished-at="2020-03-07T15:58:50Z">
          <reporter-output>
          </reporter-output>
        </test-method> <!-- setup -->
        <test-method status="PASS" signature="testOne()[pri:0, instance:com.ui.Login@6ba0ac]" name="testOne" duration-ms="33" started-at="2020-03-07T15:58:50Z" finished-at="2020-03-07T15:58:50Z">
          <reporter-output>
          </reporter-output>
        </test-method> <!-- testOne -->
        <test-method status="PASS" signature="tearDown()[pri:0, instance:com.ui.Login@6ba0ac]" name="tearDown" is-config="true" duration-ms="2141" started-at="2020-03-07T15:58:50Z" finished-at="2020-03-07T15:58:52Z">
          <reporter-output>
          </reporter-output>
        </test-method> <!-- tearDown -->
      </class> <!-- com.ui.Login -->
    </test> <!-- login.Testng -->
  </suite> <!-- Suite -->
</testng-results>
